2022-05-30 21:03:55,514:INFO:PyCaret Supervised Module
2022-05-30 21:03:55,515:INFO:ML Usecase: classification
2022-05-30 21:03:55,515:INFO:version 2.2.3
2022-05-30 21:03:55,515:INFO:Initializing setup()
2022-05-30 21:03:55,515:INFO:setup(target=0       1000000.0
1        100000.0
2       3000000.0
3       4000000.0
4        500000.0
          ...    
8892     125000.0
8893     300000.0
8894     800000.0
8895     300000.0
8896     175000.0
Name: price, Length: 8897, dtype: float64, ml_usecase=classification, available_plots={'parameter': 'Hyperparameters', 'auc': 'AUC', 'confusion_matrix': 'Confusion Matrix', 'threshold': 'Threshold', 'pr': 'Precision Recall', 'error': 'Prediction Error', 'class_report': 'Class Report', 'rfe': 'Feature Selection', 'learning': 'Learning Curve', 'manifold': 'Manifold Learning', 'calibration': 'Calibration Curve', 'vc': 'Validation Curve', 'dimension': 'Dimensions', 'feature': 'Feature Importance', 'feature_all': 'Feature Importance (All)', 'boundary': 'Decision Boundary', 'lift': 'Lift Chart', 'gain': 'Gain Chart', 'tree': 'Decision Tree'}, train_size=0.7, test_data=None, preprocess=True, imputation_type=simple, iterative_imputation_iters=5, categorical_features=None, categorical_imputation=constant, categorical_iterative_imputer=lightgbm, ordinal_features=None, high_cardinality_features=None, high_cardinality_method=frequency, numeric_features=None, numeric_imputation=mean, numeric_iterative_imputer=lightgbm, date_features=None, ignore_features=None, normalize=False, normalize_method=zscore, transformation=False, transformation_method=yeo-johnson, handle_unknown_categorical=True, unknown_categorical_method=least_frequent, pca=False, pca_method=linear, pca_components=None, ignore_low_variance=False, combine_rare_levels=False, rare_level_threshold=0.1, bin_numeric_features=None, remove_outliers=False, outliers_threshold=0.05, remove_multicollinearity=False, multicollinearity_threshold=0.9, remove_perfect_collinearity=True, create_clusters=False, cluster_iter=20, polynomial_features=False, polynomial_degree=2, trigonometry_features=False, polynomial_threshold=0.1, group_features=None, group_names=None, feature_selection=False, feature_selection_threshold=0.8, feature_selection_method=classic, feature_interaction=False, feature_ratio=False, interaction_threshold=0.01, fix_imbalance=False, fix_imbalance_method=None, transform_target=False, transform_target_method=box-cox, data_split_shuffle=True, data_split_stratify=False, fold_strategy=stratifiedkfold, fold=10, fold_shuffle=False, fold_groups=None, n_jobs=-1, use_gpu=False, custom_pipeline=None, html=False, session_id=None, log_experiment=False, experiment_name=None, log_plots=False, log_profile=False, log_data=False, silent=True, verbose=False, profile=False, profile_kwargs=None, display=None)
2022-05-30 21:03:55,515:INFO:Checking environment
2022-05-30 21:03:55,515:INFO:python_version: 3.8.11
2022-05-30 21:03:55,516:INFO:python_build: ('default', 'Aug  6 2021 09:57:55')
2022-05-30 21:03:55,516:INFO:machine: AMD64
2022-05-30 21:03:55,526:INFO:platform: Windows-10-10.0.19044-SP0
2022-05-30 21:03:55,527:WARNING:cannot find psutil installation. memory not traceable. Install psutil using pip to enable memory logging.
2022-05-30 21:03:55,527:INFO:Checking libraries
2022-05-30 21:03:55,527:INFO:pd==1.2.5
2022-05-30 21:03:55,527:INFO:numpy==1.20.3
2022-05-30 21:03:55,527:INFO:sklearn==0.24.2
2022-05-30 21:03:55,639:INFO:xgboost==1.5.1
2022-05-30 21:03:55,639:INFO:lightgbm==3.3.2
2022-05-30 21:03:55,670:INFO:catboost==1.0.4
2022-05-30 21:03:56,367:INFO:mlflow==1.26.1
2022-05-30 21:03:56,367:INFO:Checking Exceptions
2022-05-30 21:04:10,243:INFO:PyCaret Supervised Module
2022-05-30 21:04:10,243:INFO:ML Usecase: classification
2022-05-30 21:04:10,243:INFO:version 2.2.3
2022-05-30 21:04:10,243:INFO:Initializing setup()
2022-05-30 21:04:10,244:INFO:setup(target=0       1000000.0
1        100000.0
2       3000000.0
3       4000000.0
4        500000.0
          ...    
8892     125000.0
8893     300000.0
8894     800000.0
8895     300000.0
8896     175000.0
Name: price, Length: 8897, dtype: float64, ml_usecase=classification, available_plots={'parameter': 'Hyperparameters', 'auc': 'AUC', 'confusion_matrix': 'Confusion Matrix', 'threshold': 'Threshold', 'pr': 'Precision Recall', 'error': 'Prediction Error', 'class_report': 'Class Report', 'rfe': 'Feature Selection', 'learning': 'Learning Curve', 'manifold': 'Manifold Learning', 'calibration': 'Calibration Curve', 'vc': 'Validation Curve', 'dimension': 'Dimensions', 'feature': 'Feature Importance', 'feature_all': 'Feature Importance (All)', 'boundary': 'Decision Boundary', 'lift': 'Lift Chart', 'gain': 'Gain Chart', 'tree': 'Decision Tree'}, train_size=0.7, test_data=None, preprocess=True, imputation_type=simple, iterative_imputation_iters=5, categorical_features=None, categorical_imputation=constant, categorical_iterative_imputer=lightgbm, ordinal_features=None, high_cardinality_features=None, high_cardinality_method=frequency, numeric_features=None, numeric_imputation=mean, numeric_iterative_imputer=lightgbm, date_features=None, ignore_features=None, normalize=False, normalize_method=zscore, transformation=False, transformation_method=yeo-johnson, handle_unknown_categorical=True, unknown_categorical_method=least_frequent, pca=False, pca_method=linear, pca_components=None, ignore_low_variance=False, combine_rare_levels=False, rare_level_threshold=0.1, bin_numeric_features=None, remove_outliers=False, outliers_threshold=0.05, remove_multicollinearity=False, multicollinearity_threshold=0.9, remove_perfect_collinearity=True, create_clusters=False, cluster_iter=20, polynomial_features=False, polynomial_degree=2, trigonometry_features=False, polynomial_threshold=0.1, group_features=None, group_names=None, feature_selection=False, feature_selection_threshold=0.8, feature_selection_method=classic, feature_interaction=False, feature_ratio=False, interaction_threshold=0.01, fix_imbalance=False, fix_imbalance_method=None, transform_target=False, transform_target_method=box-cox, data_split_shuffle=True, data_split_stratify=False, fold_strategy=stratifiedkfold, fold=10, fold_shuffle=False, fold_groups=None, n_jobs=-1, use_gpu=False, custom_pipeline=None, html=True, session_id=None, log_experiment=False, experiment_name=None, log_plots=False, log_profile=False, log_data=False, silent=False, verbose=True, profile=False, profile_kwargs=None, display=None)
2022-05-30 21:04:10,244:INFO:Checking environment
2022-05-30 21:04:10,244:INFO:python_version: 3.8.11
2022-05-30 21:04:10,244:INFO:python_build: ('default', 'Aug  6 2021 09:57:55')
2022-05-30 21:04:10,244:INFO:machine: AMD64
2022-05-30 21:04:10,244:INFO:platform: Windows-10-10.0.19044-SP0
2022-05-30 21:04:10,245:WARNING:cannot find psutil installation. memory not traceable. Install psutil using pip to enable memory logging.
2022-05-30 21:04:10,245:INFO:Checking libraries
2022-05-30 21:04:10,246:INFO:pd==1.2.5
2022-05-30 21:04:10,246:INFO:numpy==1.20.3
2022-05-30 21:04:10,246:INFO:sklearn==0.24.2
2022-05-30 21:04:10,246:INFO:xgboost==1.5.1
2022-05-30 21:04:10,246:INFO:lightgbm==3.3.2
2022-05-30 21:04:10,246:INFO:catboost==1.0.4
2022-05-30 21:04:10,246:INFO:mlflow==1.26.1
2022-05-30 21:04:10,246:INFO:Checking Exceptions
